#
# There is insufficient memory for the Java Runtime Environment to continue.
# Native memory allocation (malloc) failed to allocate 32756 bytes for ChunkPool::allocate
# Possible reasons:
#   The system is out of physical RAM or swap space
#   In 32 bit mode, the process size limit was hit
# Possible solutions:
#   Reduce memory load on the system
#   Increase physical memory or swap space
#   Check if swap backing store is full
#   Use 64 bit Java on a 64 bit OS
#   Decrease Java heap size (-Xmx/-Xms)
#   Decrease number of Java threads
#   Decrease Java thread stack sizes (-Xss)
#   Set larger code cache with -XX:ReservedCodeCacheSize=
# This output file may be truncated or incomplete.
#
#  Out of Memory Error (allocation.cpp:222), pid=7540, tid=3888
#
# JRE version: 7.0_25-b17
# Java VM: Java HotSpot(TM) Client VM (23.25-b01 mixed mode windows-x86 )
# Failed to write core dump. Minidumps are not enabled by default on client versions of Windows
#

---------------  T H R E A D  ---------------

Current thread (0x4996e400):  JavaThread "C1 CompilerThread0" daemon [_thread_in_vm, id=3888, stack(0x49d60000,0x49db0000)]

Stack: [0x49d60000,0x49db0000],  sp=0x49daf3d8,  free space=316k
Native frames: (J=compiled Java code, j=interpreted, Vv=VM code, C=native code)
V  [jvm.dll+0x167e31]
V  [jvm.dll+0x162255]
V  [jvm.dll+0x5c18a]
V  [jvm.dll+0x5c34b]
V  [jvm.dll+0x5c507]
V  [jvm.dll+0x163117]
V  [jvm.dll+0xd6ce]
V  [jvm.dll+0x4a63]
V  [jvm.dll+0x44a69]
V  [jvm.dll+0x45036]
V  [jvm.dll+0x144447]
V  [jvm.dll+0x1445b0]
V  [jvm.dll+0x177bb9]
C  [msvcr100.dll+0x5c6de]
C  [msvcr100.dll+0x5c788]
C  [kernel32.dll+0x53c45]
C  [ntdll.dll+0x637f5]
C  [ntdll.dll+0x637c8]


Current CompileTask:
C1:    158    1             java.lang.String::hashCode (55 bytes)


---------------  P R O C E S S  ---------------

Java Threads: ( => current thread )
  0x4997d400 JavaThread "Service Thread" daemon [_thread_new, id=5912, stack(0x00000000,0x00000000)]
=>0x4996e400 JavaThread "C1 CompilerThread0" daemon [_thread_in_vm, id=3888, stack(0x49d60000,0x49db0000)]
  0x4996d400 JavaThread "Attach Listener" daemon [_thread_blocked, id=6956, stack(0x49e30000,0x49e80000)]
  0x4996a000 JavaThread "Signal Dispatcher" daemon [_thread_blocked, id=1028, stack(0x49dc0000,0x49e10000)]
  0x49911c00 JavaThread "Finalizer" daemon [_thread_blocked, id=3804, stack(0x49cc0000,0x49d10000)]
  0x4990c400 JavaThread "Reference Handler" daemon [_thread_blocked, id=6704, stack(0x49bf0000,0x49c40000)]
  0x0096b000 JavaThread "main" [_thread_in_Java, id=3844, stack(0x00970000,0x009c0000)]

Other Threads:
  0x49906c00 VMThread [stack: 0x49ba0000,0x49bf0000] [id=4284]
  0x4997ec00 WatcherThread [stack: 0x00910000,0x00960000] [id=8040]

VM state:not at safepoint (normal execution)

VM Mutex/Monitor currently owned by a thread: None

Heap
 def new generation   total 4928K, used 377K [0x03b00000, 0x04050000, 0x19050000)
  eden space 4416K,   8% used [0x03b00000, 0x03b5e6c0, 0x03f50000)
  from space 512K,   0% used [0x03f50000, 0x03f50000, 0x03fd0000)
  to   space 512K,   0% used [0x03fd0000, 0x03fd0000, 0x04050000)
 tenured generation   total 10944K, used 0K [0x19050000, 0x19b00000, 0x43b00000)
   the space 10944K,   0% used [0x19050000, 0x19050000, 0x19050200, 0x19b00000)
 compacting perm gen  total 12288K, used 1476K [0x43b00000, 0x44700000, 0x47b00000)
   the space 12288K,  12% used [0x43b00000, 0x43c71000, 0x43c71000, 0x44700000)
No shared spaces configured.

Card table byte_map: [0x00b10000,0x00d40000] byte_map_base: 0x00af2800

Polling page: 0x00270000

Code Cache  [0x01b00000, 0x01b48000, 0x03b00000)
 total_blobs=95 nmethods=0 adapters=64 free_code_cache=32484Kb largest_free_block=33263680

Compilation events (1 events):
Event: 0.153 Thread 0x4996e400    1             java.lang.String::hashCode (55 bytes)

GC Heap History (0 events):
No events

Deoptimization events (0 events):
No events

Internal exceptions (1 events):
Event: 0.056 Thread 0x0096b000 Threw 0x03b06060 at C:\jdk7u2_32P\jdk7u25\hotspot\src\share\vm\prims\jni.cpp:3994

Events (10 events):
Event: 0.092 loading class 0x49954c88
Event: 0.093 loading class 0x49954c88 done
Event: 0.093 loading class 0x49968c28
Event: 0.093 loading class 0x49968c28 done
Event: 0.093 loading class 0x00a9acc8
Event: 0.093 loading class 0x00a9acc8 done
Event: 0.097 Thread 0x4996a000 Thread added: 0x4996a000
Event: 0.098 Thread 0x4996d400 Thread added: 0x4996d400
Event: 0.103 Thread 0x4996e400 Thread added: 0x4996e400
Event: 0.153 Thread 0x4997d400 Thread added: 0x4997d400


Dynamic libraries:
0x00ed0000 - 0x00eff000 	C:\Program Files\Java\jdk1.7.0_25\bin\java.exe
0x76e50000 - 0x76f8c000 	C:\Windows\SYSTEM32\ntdll.dll
0x75d20000 - 0x75df4000 	C:\Windows\system32\kernel32.dll
0x751f0000 - 0x7523a000 	C:\Windows\system32\KERNELBASE.dll
0x752b0000 - 0x75350000 	C:\Windows\system32\ADVAPI32.dll
0x76fc0000 - 0x7706c000 	C:\Windows\system32\msvcrt.dll
0x76f90000 - 0x76fa9000 	C:\Windows\SYSTEM32\sechost.dll
0x755b0000 - 0x75651000 	C:\Windows\system32\RPCRT4.dll
0x75350000 - 0x75419000 	C:\Windows\system32\USER32.dll
0x758e0000 - 0x7592e000 	C:\Windows\system32\GDI32.dll
0x76fb0000 - 0x76fba000 	C:\Windows\system32\LPK.dll
0x75b80000 - 0x75c1d000 	C:\Windows\system32\USP10.dll
0x73e90000 - 0x7402e000 	C:\Windows\WinSxS\x86_microsoft.windows.common-controls_6595b64144ccf1df_6.0.7601.17514_none_41e6975e2bd6f2b2\COMCTL32.dll
0x75e20000 - 0x75e77000 	C:\Windows\system32\SHLWAPI.dll
0x75e00000 - 0x75e1f000 	C:\Windows\system32\IMM32.DLL
0x75c20000 - 0x75cec000 	C:\Windows\system32\MSCTF.dll
0x5c050000 - 0x5c10e000 	C:\Program Files\Java\jdk1.7.0_25\jre\bin\msvcr100.dll
0x55b80000 - 0x55ec2000 	C:\Program Files\Java\jdk1.7.0_25\jre\bin\client\jvm.dll
0x72ce0000 - 0x72ce7000 	C:\Windows\system32\WSOCK32.dll
0x76cd0000 - 0x76d05000 	C:\Windows\system32\WS2_32.dll
0x76020000 - 0x76026000 	C:\Windows\system32\NSI.dll
0x72800000 - 0x72832000 	C:\Windows\system32\WINMM.dll
0x77070000 - 0x77075000 	C:\Windows\system32\PSAPI.DLL
0x5c7d0000 - 0x5c7dc000 	C:\Program Files\Java\jdk1.7.0_25\jre\bin\verify.dll
0x5c1c0000 - 0x5c1e0000 	C:\Program Files\Java\jdk1.7.0_25\jre\bin\java.dll
0x5c1a0000 - 0x5c1b3000 	C:\Program Files\Java\jdk1.7.0_25\jre\bin\zip.dll

VM Arguments:
jvm_args: -Xmx1024M -Dfile.encoding=windows-1252 -Duser.country=US -Duser.language=en -Duser.variant 
java_command: com.android.dx.command.Main --dex --num-threads=4 --output C:\Android\Caminfo\app\build\intermediates\pre-dexed\debug\classes-e1f472ab9c575c8fb3b27b19eeed5cc1bc5b2e65.jar C:\Android\Caminfo\app\build\intermediates\exploded-aar\com.google.android.gms\play-services-ads\7.5.0\jars\classes.jar
Launcher Type: SUN_STANDARD

Environment Variables:
PATH=C:\ProgramData\Oracle\Java\javapath;C:\Program Files\NVIDIA Corporation\PhysX\Common;C:\Windows\system32;C:\Windows;C:\Windows\System32\Wbem;C:\Windows\System32\WindowsPowerShell\v1.0\;C:\Program Files\nodejs\;C:\Program Files\GtkSharp\2.12\bin;C:\Program Files\Skype\Phone\;C:\Users\Vantha\AppData\Local\Android\android-sdk\tools;C:\Users\Vantha\AppData\Local\Android\android-sdk\platform-tools;C:\Users\Vantha\Desktop\software\IDE\AndroidCampany\apache-ant-1.9.4-bin\apache-ant-1.9.4\bin;C:\Users\Vantha\AppData\Roaming\npm;C:\Program Files\Java\jre7\bin
USERNAME=Vantha
OS=Windows_NT
PROCESSOR_IDENTIFIER=x86 Family 6 Model 60 Stepping 3, GenuineIntel



---------------  S Y S T E M  ---------------

OS: Windows 7 Build 7601 Service Pack 1

CPU:total 4 (2 cores per cpu, 2 threads per core) family 6 model 60 stepping 3, cmov, cx8, fxsr, mmx, sse, sse2, sse3, ssse3, sse4.1, sse4.2, popcnt, avx, avx2, ht, tsc, tscinvbit

Memory: 4k page, physical 3640912k(302480k free), swap 4493060k(4344k free)

vm_info: Java HotSpot(TM) Client VM (23.25-b01) for windows-x86 JRE (1.7.0_25-b17), built on Jun 21 2013 13:06:48 by "java_re" with unknown MS VC++:1600

time: Thu Jul 09 10:46:56 2015
elapsed time: 0 seconds

