#
# There is insufficient memory for the Java Runtime Environment to continue.
# Native memory allocation (malloc) failed to allocate 32756 bytes for ChunkPool::allocate
# Possible reasons:
#   The system is out of physical RAM or swap space
#   In 32 bit mode, the process size limit was hit
# Possible solutions:
#   Reduce memory load on the system
#   Increase physical memory or swap space
#   Check if swap backing store is full
#   Use 64 bit Java on a 64 bit OS
#   Decrease Java heap size (-Xmx/-Xms)
#   Decrease number of Java threads
#   Decrease Java thread stack sizes (-Xss)
#   Set larger code cache with -XX:ReservedCodeCacheSize=
# This output file may be truncated or incomplete.
#
#  Out of Memory Error (allocation.cpp:222), pid=6948, tid=4672
#
# JRE version: 7.0_25-b17
# Java VM: Java HotSpot(TM) Client VM (23.25-b01 mixed mode windows-x86 )
# Failed to write core dump. Minidumps are not enabled by default on client versions of Windows
#

---------------  T H R E A D  ---------------

Current thread (0x49ace400):  JavaThread "C1 CompilerThread0" daemon [_thread_in_native, id=4672, stack(0x49e80000,0x49ed0000)]

Stack: [0x49e80000,0x49ed0000],  sp=0x49ecf55c,  free space=317k
Native frames: (J=compiled Java code, j=interpreted, Vv=VM code, C=native code)
V  [jvm.dll+0x167e31]
V  [jvm.dll+0x162255]
V  [jvm.dll+0x5c18a]
V  [jvm.dll+0x5c34b]
V  [jvm.dll+0x5c507]
V  [jvm.dll+0x6e754]
V  [jvm.dll+0x161c78]
V  [jvm.dll+0x161da2]
V  [jvm.dll+0x263f1f]
V  [jvm.dll+0x264446]
V  [jvm.dll+0x2389e6]
V  [jvm.dll+0x239073]
V  [jvm.dll+0x23919a]
V  [jvm.dll+0x2392f8]
V  [jvm.dll+0x23957d]
V  [jvm.dll+0x44afb]
V  [jvm.dll+0x45036]
V  [jvm.dll+0x144447]
V  [jvm.dll+0x1445b0]
V  [jvm.dll+0x177bb9]
C  [msvcr100.dll+0x5c6de]
C  [msvcr100.dll+0x5c788]
C  [kernel32.dll+0x53c45]
C  [ntdll.dll+0x637f5]
C  [ntdll.dll+0x637c8]


Current CompileTask:
C1:    174   21             sun.nio.cs.UTF_8$Decoder::decode (640 bytes)


---------------  P R O C E S S  ---------------

Java Threads: ( => current thread )
  0x49ad1800 JavaThread "Service Thread" daemon [_thread_blocked, id=6832, stack(0x49cd0000,0x49d20000)]
=>0x49ace400 JavaThread "C1 CompilerThread0" daemon [_thread_in_native, id=4672, stack(0x49e80000,0x49ed0000)]
  0x49acd400 JavaThread "Attach Listener" daemon [_thread_blocked, id=6416, stack(0x49d90000,0x49de0000)]
  0x49aca000 JavaThread "Signal Dispatcher" daemon [_thread_blocked, id=1968, stack(0x49e00000,0x49e50000)]
  0x49a6e400 JavaThread "Finalizer" daemon [_thread_blocked, id=1492, stack(0x00e40000,0x00e90000)]
  0x49a6c400 JavaThread "Reference Handler" daemon [_thread_blocked, id=6672, stack(0x004a0000,0x004f0000)]
  0x00a2b000 JavaThread "main" [_thread_in_vm, id=4428, stack(0x00a30000,0x00a80000)]

Other Threads:
  0x49a66c00 VMThread [stack: 0x009c0000,0x00a10000] [id=644]
  0x49aec400 WatcherThread [stack: 0x49fa0000,0x49ff0000] [id=1828]

VM state:not at safepoint (normal execution)

VM Mutex/Monitor currently owned by a thread: None

Heap
 def new generation   total 4928K, used 1272K [0x03b00000, 0x04050000, 0x19050000)
  eden space 4416K,  28% used [0x03b00000, 0x03c3e370, 0x03f50000)
  from space 512K,   0% used [0x03f50000, 0x03f50000, 0x03fd0000)
  to   space 512K,   0% used [0x03fd0000, 0x03fd0000, 0x04050000)
 tenured generation   total 10944K, used 0K [0x19050000, 0x19b00000, 0x43b00000)
   the space 10944K,   0% used [0x19050000, 0x19050000, 0x19050200, 0x19b00000)
 compacting perm gen  total 12288K, used 2065K [0x43b00000, 0x44700000, 0x47b00000)
   the space 12288K,  16% used [0x43b00000, 0x43d04678, 0x43d04800, 0x44700000)
No shared spaces configured.

Card table byte_map: [0x00bf0000,0x00e20000] byte_map_base: 0x00bd2800

Polling page: 0x00150000

Code Cache  [0x01b00000, 0x01b98000, 0x03b00000)
 total_blobs=154 nmethods=20 adapters=70 free_code_cache=32168Kb largest_free_block=32940160

Compilation events (10 events):
Event: 0.148 Thread 0x49ace400 nmethod 16 0x01b94d88 code [0x01b94e90, 0x01b94fd0]
Event: 0.148 Thread 0x49ace400   17             java.lang.String::length (6 bytes)
Event: 0.148 Thread 0x49ace400 nmethod 17 0x01b95188 code [0x01b95280, 0x01b95310]
Event: 0.157 Thread 0x49ace400   18             java.lang.Character::toLowerCase (9 bytes)
Event: 0.157 Thread 0x49ace400 nmethod 18 0x01b95388 code [0x01b95490, 0x01b95538]
Event: 0.157 Thread 0x49ace400   19             java.lang.CharacterDataLatin1::toLowerCase (39 bytes)
Event: 0.157 Thread 0x49ace400 nmethod 19 0x01b955c8 code [0x01b956c0, 0x01b957a0]
Event: 0.158 Thread 0x49ace400   20             java.lang.Math::min (11 bytes)
Event: 0.158 Thread 0x49ace400 nmethod 20 0x01b95888 code [0x01b95980, 0x01b959f0]
Event: 0.168 Thread 0x49ace400   21             sun.nio.cs.UTF_8$Decoder::decode (640 bytes)

GC Heap History (0 events):
No events

Deoptimization events (0 events):
No events

Internal exceptions (10 events):
Event: 0.156 Thread 0x00a2b000 Threw 0x03c099e0 at C:\jdk7u2_32P\jdk7u25\hotspot\src\share\vm\prims\jvm.cpp:1235
Event: 0.157 Thread 0x00a2b000 Threw 0x03c0e9c0 at C:\jdk7u2_32P\jdk7u25\hotspot\src\share\vm\prims\jvm.cpp:1235
Event: 0.157 Thread 0x00a2b000 Threw 0x03c10c88 at C:\jdk7u2_32P\jdk7u25\hotspot\src\share\vm\prims\jvm.cpp:1235
Event: 0.158 Thread 0x00a2b000 Threw 0x03c15870 at C:\jdk7u2_32P\jdk7u25\hotspot\src\share\vm\prims\jvm.cpp:1235
Event: 0.158 Thread 0x00a2b000 Threw 0x03c19d10 at C:\jdk7u2_32P\jdk7u25\hotspot\src\share\vm\prims\jvm.cpp:1235
Event: 0.161 Thread 0x00a2b000 Threw 0x03c1e768 at C:\jdk7u2_32P\jdk7u25\hotspot\src\share\vm\prims\jvm.cpp:1235
Event: 0.161 Thread 0x00a2b000 Threw 0x03c22d60 at C:\jdk7u2_32P\jdk7u25\hotspot\src\share\vm\prims\jvm.cpp:1235
Event: 0.165 Thread 0x00a2b000 Threw 0x03c2a520 at C:\jdk7u2_32P\jdk7u25\hotspot\src\share\vm\prims\jvm.cpp:1235
Event: 0.165 Thread 0x00a2b000 Threw 0x03c2fcd0 at C:\jdk7u2_32P\jdk7u25\hotspot\src\share\vm\prims\jvm.cpp:1235
Event: 0.166 Thread 0x00a2b000 Threw 0x03c31ea0 at C:\jdk7u2_32P\jdk7u25\hotspot\src\share\vm\prims\jvm.cpp:1235

Events (10 events):
Event: 0.165 loading class 0x49b292a0
Event: 0.165 loading class 0x49b292a0 done
Event: 0.165 loading class 0x49b0e9b8
Event: 0.165 loading class 0x49b0e9b8 done
Event: 0.165 loading class 0x49b53628
Event: 0.165 loading class 0x49b53628 done
Event: 0.166 loading class 0x49b0a0a0
Event: 0.166 loading class 0x49b0a0a0 done
Event: 0.166 loading class 0x49ad0718
Event: 0.168 loading class 0x49ad0718 done


Dynamic libraries:
0x00ed0000 - 0x00eff000 	C:\Program Files\Java\jdk1.7.0_25\bin\java.exe
0x76e50000 - 0x76f8c000 	C:\Windows\SYSTEM32\ntdll.dll
0x75d20000 - 0x75df4000 	C:\Windows\system32\kernel32.dll
0x751f0000 - 0x7523a000 	C:\Windows\system32\KERNELBASE.dll
0x752b0000 - 0x75350000 	C:\Windows\system32\ADVAPI32.dll
0x76fc0000 - 0x7706c000 	C:\Windows\system32\msvcrt.dll
0x76f90000 - 0x76fa9000 	C:\Windows\SYSTEM32\sechost.dll
0x755b0000 - 0x75651000 	C:\Windows\system32\RPCRT4.dll
0x75350000 - 0x75419000 	C:\Windows\system32\USER32.dll
0x758e0000 - 0x7592e000 	C:\Windows\system32\GDI32.dll
0x76fb0000 - 0x76fba000 	C:\Windows\system32\LPK.dll
0x75b80000 - 0x75c1d000 	C:\Windows\system32\USP10.dll
0x73e90000 - 0x7402e000 	C:\Windows\WinSxS\x86_microsoft.windows.common-controls_6595b64144ccf1df_6.0.7601.17514_none_41e6975e2bd6f2b2\COMCTL32.dll
0x75e20000 - 0x75e77000 	C:\Windows\system32\SHLWAPI.dll
0x75e00000 - 0x75e1f000 	C:\Windows\system32\IMM32.DLL
0x75c20000 - 0x75cec000 	C:\Windows\system32\MSCTF.dll
0x5c050000 - 0x5c10e000 	C:\Program Files\Java\jdk1.7.0_25\jre\bin\msvcr100.dll
0x55b80000 - 0x55ec2000 	C:\Program Files\Java\jdk1.7.0_25\jre\bin\client\jvm.dll
0x72ce0000 - 0x72ce7000 	C:\Windows\system32\WSOCK32.dll
0x76cd0000 - 0x76d05000 	C:\Windows\system32\WS2_32.dll
0x76020000 - 0x76026000 	C:\Windows\system32\NSI.dll
0x72800000 - 0x72832000 	C:\Windows\system32\WINMM.dll
0x77070000 - 0x77075000 	C:\Windows\system32\PSAPI.DLL
0x5c7d0000 - 0x5c7dc000 	C:\Program Files\Java\jdk1.7.0_25\jre\bin\verify.dll
0x5c1c0000 - 0x5c1e0000 	C:\Program Files\Java\jdk1.7.0_25\jre\bin\java.dll
0x5c1a0000 - 0x5c1b3000 	C:\Program Files\Java\jdk1.7.0_25\jre\bin\zip.dll

VM Arguments:
jvm_args: -Xmx1024M -Dfile.encoding=windows-1252 -Duser.country=US -Duser.language=en -Duser.variant 
java_command: com.android.dx.command.Main --dex --num-threads=4 --output C:\Android\Caminfo\app\build\intermediates\pre-dexed\debug\internal_impl-22.2.0-3d56e77bb66dceb48280c4aee5e985ac061c0e02.jar C:\Android\Caminfo\app\build\intermediates\exploded-aar\com.android.support\support-v4\22.2.0\jars\libs\internal_impl-22.2.0.jar
Launcher Type: SUN_STANDARD

Environment Variables:



---------------  S Y S T E M  ---------------

OS: Windows 7 Build 7601 Service Pack 1

CPU:total 4 (2 cores per cpu, 2 threads per core) family 6 model 60 stepping 3, cmov, cx8, fxsr, mmx, sse, sse2, sse3, ssse3, sse4.1, sse4.2, popcnt, avx, avx2, ht, tsc, tscinvbit

Memory: 4k page, physical 3640912k(307640k free), swap 4493060k(5116k free)

vm_info: Java HotSpot(TM) Client VM (23.25-b01) for windows-x86 JRE (1.7.0_25-b17), built on Jun 21 2013 13:06:48 by "java_re" with unknown MS VC++:1600

time: Thu Jul 09 10:45:47 2015
elapsed time: 0 seconds

